Started GET "/" for 127.0.0.1 at 2016-10-19 17:19:06 +0700
Processing by ApplicationController#hello as HTML
  Rendering html template
  Rendered html template (0.0ms)
Completed 200 OK in 68ms (Views: 52.3ms | ActiveRecord: 0.0ms)


Started GET "/" for 127.0.0.1 at 2016-10-19 17:29:34 +0700
Processing by ApplicationController#hello as HTML
  Rendering html template
  Rendered html template (0.0ms)
Completed 200 OK in 23ms (Views: 12.1ms | ActiveRecord: 0.0ms)


Started GET "/" for 127.0.0.1 at 2016-10-19 17:29:36 +0700
Processing by ApplicationController#hello as HTML
  Rendering html template
  Rendered html template (0.0ms)
Completed 200 OK in 1ms (Views: 0.5ms | ActiveRecord: 0.0ms)


Started GET "/" for 127.0.0.1 at 2016-10-19 17:29:37 +0700
Processing by ApplicationController#hello as HTML
  Rendering html template
  Rendered html template (0.0ms)
Completed 200 OK in 1ms (Views: 0.4ms | ActiveRecord: 0.0ms)


Started GET "/" for 127.0.0.1 at 2016-10-20 10:27:27 +0700
Processing by ApplicationController#hello as HTML
  Rendering html template
  Rendered html template (0.2ms)
Completed 200 OK in 62ms (Views: 35.3ms | ActiveRecord: 0.0ms)


